\BOOKMARK [0][-]{chapter.1}{\376\377\121\231\153\144\145\207\150\143\166\204\166\356\166\204}{}% 1
\BOOKMARK [0][-]{chapter.2}{\376\377\121\205\136\372\121\375\145\160}{}% 2
\BOOKMARK [0][-]{chapter.3}{\376\377\121\205\136\372\136\070\221\317}{}% 3
\BOOKMARK [0][-]{chapter.4}{\376\377\121\205\136\372\174\173\127\213}{}% 4
\BOOKMARK [1][-]{section.4.1}{\376\377\000T\000r\000u\000t\000h\000\040\000V\000a\000l\000u\000e\000\040\000T\000e\000s\000t\000i\000n\000g}{chapter.4}% 5
\BOOKMARK [1][-]{section.4.2}{\376\377\000B\000o\000o\000l\000e\000a\000n\000\040\000O\000p\000e\000r\000a\000t\000i\000o\000n\000s\040\023\000a\000n\000d\000,\000\040\000o\000r\000,\000\040\000n\000o\000t}{chapter.4}% 6
\BOOKMARK [1][-]{section.4.3}{\376\377\000C\000o\000m\000p\000a\000r\000i\000s\000o\000n\000s}{chapter.4}% 7
\BOOKMARK [1][-]{section.4.4}{\376\377\000N\000u\000m\000e\000r\000i\000c\000\040\000T\000y\000p\000e\000s\040\023\000i\000n\000t\000,\000\040\000f\000l\000o\000a\000t\000,\000\040\000c\000o\000m\000p\000l\000e\000x}{chapter.4}% 8
\BOOKMARK [1][-]{section.4.5}{\376\377\000I\000t\000e\000r\000a\000t\000o\000r\000\040\000T\000y\000p\000e\000s}{chapter.4}% 9
\BOOKMARK [1][-]{section.4.6}{\376\377\000S\000e\000q\000u\000e\000n\000c\000e\000\040\000T\000y\000p\000e\000s\040\023\000l\000i\000s\000t\000,\000\040\000t\000u\000p\000l\000e\000,\000\040\000r\000a\000n\000g\000e}{chapter.4}% 10
\BOOKMARK [2][-]{subsection.4.6.1}{\376\377\000C\000o\000m\000m\000o\000n\000\040\000s\000e\000q\000u\000e\000n\000c\000e\000\040\000o\000p\000e\000r\000a\000t\000i\000o\000n\000s}{section.4.6}% 11
\BOOKMARK [2][-]{subsection.4.6.2}{\376\377\116\015\123\357\123\330\136\217\122\027\174\173\127\213}{section.4.6}% 12
\BOOKMARK [2][-]{subsection.4.6.3}{\376\377\145\071\123\330\136\217\122\027\174\173\127\213}{section.4.6}% 13
\BOOKMARK [2][-]{subsection.4.6.4}{\376\377\000L\000i\000s\000t\000s}{section.4.6}% 14
\BOOKMARK [2][-]{subsection.4.6.5}{\376\377\000T\000u\000p\000l\000e\000s}{section.4.6}% 15
\BOOKMARK [2][-]{subsection.4.6.6}{\376\377\000R\000a\000n\000g\000e\000s}{section.4.6}% 16
\BOOKMARK [1][-]{section.4.7}{\376\377\000T\000e\000x\000t\000\040\000S\000e\000q\000u\000e\000n\000c\000e\000\040\000T\000y\000p\000e\040\023\000s\000t\000r}{chapter.4}% 17
\BOOKMARK [2][-]{subsection.4.7.1}{\376\377\000S\000t\000r\000i\000n\000g\000\040\000M\000e\000t\000h\000o\000d\000s}{section.4.7}% 18
\BOOKMARK [1][-]{section.4.8}{\376\377\000B\000i\000n\000a\000r\000y\000\040\000S\000e\000q\000u\000e\000n\000c\000e\000\040\000T\000y\000p\000e\000s}{chapter.4}% 19
\BOOKMARK [1][-]{section.4.9}{\376\377\000S\000e\000t\000\040\000T\000y\000p\000e\000s}{chapter.4}% 20
\BOOKMARK [1][-]{section.4.10}{\376\377\000M\000a\000p\000p\000i\000n\000g\000\040\000T\000y\000p\000e\000s}{chapter.4}% 21
\BOOKMARK [1][-]{section.4.11}{\376\377\000C\000o\000n\000t\000e\000x\000t\000\040\000M\000a\000n\000a\000g\000e\000r\000\040\000T\000y\000p\000e\000s}{chapter.4}% 22
\BOOKMARK [1][-]{section.4.12}{\376\377\000O\000t\000h\000e\000r\000\040\000B\000u\000i\000l\000d\000-\000i\000n\000\040\000T\000y\000p\000e\000s}{chapter.4}% 23
\BOOKMARK [1][-]{section.4.13}{\376\377\000S\000p\000e\000c\000i\000a\000l\000\040\000A\000t\000t\000r\000i\000b\000u\000t\000e\000s}{chapter.4}% 24
\BOOKMARK [0][-]{chapter.5}{\376\377\121\205\136\372\137\002\136\070}{}% 25
\BOOKMARK [1][-]{subsection.5.0.1}{\376\377\127\372\174\173}{chapter.5}% 26
\BOOKMARK [2][-]{subsection.5.0.2}{\376\377\121\167\117\123\174\173}{subsection.5.0.1}% 27
\BOOKMARK [0][-]{chapter.6}{\376\377\145\207\147\054\131\004\164\006\147\015\122\241}{}% 28
\BOOKMARK [1][-]{section.6.1}{\376\377\000s\000t\000r\000i\000n\000g}{chapter.6}% 29
\BOOKMARK [1][-]{section.6.2}{\376\377\000r\000e}{chapter.6}% 30
\BOOKMARK [1][-]{section.6.3}{\376\377\000d\000i\000f\000f\000l\000i\000b}{chapter.6}% 31
\BOOKMARK [1][-]{section.6.4}{\376\377\000t\000e\000x\000t\000w\000r\000a\000p}{chapter.6}% 32
\BOOKMARK [1][-]{section.6.5}{\376\377\000u\000n\000i\000c\000o\000d\000e\000d\000a\000t\000a}{chapter.6}% 33
\BOOKMARK [1][-]{section.6.6}{\376\377\000s\000t\000r\000i\000n\000g\000p\000r\000e\000p}{chapter.6}% 34
\BOOKMARK [1][-]{section.6.7}{\376\377\000r\000e\000a\000d\000l\000i\000n\000e}{chapter.6}% 35
\BOOKMARK [1][-]{section.6.8}{\376\377\000r\000l\000c\000o\000m\000p\000l\000e\000t\000e\000r}{chapter.6}% 36
\BOOKMARK [0][-]{chapter.7}{\376\377\116\214\217\333\122\066\145\160\143\156\147\015\122\241}{}% 37
\BOOKMARK [0][-]{chapter.8}{\376\377\145\160\143\156\174\173\127\213}{}% 38
\BOOKMARK [0][-]{chapter.9}{\376\377\145\160\120\074\124\214\145\160\133\146}{}% 39
\BOOKMARK [1][-]{section.9.1}{\376\377\000n\000u\000m\000b\000e\000r\000s}{chapter.9}% 40
\BOOKMARK [1][-]{section.9.2}{\376\377\000m\000a\000t\000h\040\023\000M\000a\000t\000h\000e\000m\000a\000t\000i\000c\000a\000l\000\040\000f\000u\000n\000c\000t\000i\000o\000n\000s}{chapter.9}% 41
\BOOKMARK [2][-]{subsection.9.2.1}{\376\377\000N\000u\000m\000b\000e\000r\000-\000t\000h\000e\000o\000r\000e\000t\000i\000c\000\040\000a\000n\000d\000\040\000r\000e\000p\000r\000e\000s\000e\000n\000t\000a\000t\000i\000o\000n\000\040\000f\000u\000n\000c\000t\000i\000o\000n\000s}{section.9.2}% 42
\BOOKMARK [2][-]{subsection.9.2.2}{\376\377\000P\000o\000w\000e\000r\000\040\000a\000n\000d\000\040\000l\000o\000g\000a\000r\000i\000t\000h\000m\000i\000c\000\040\000f\000u\000n\000c\000t\000i\000o\000n\000s}{section.9.2}% 43
\BOOKMARK [2][-]{subsection.9.2.3}{\376\377\116\011\211\322\121\375\145\160}{section.9.2}% 44
\BOOKMARK [2][-]{subsection.9.2.4}{\376\377\211\322\136\246\123\330\143\142}{section.9.2}% 45
\BOOKMARK [2][-]{subsection.9.2.5}{\376\377\123\314\146\362\121\375\145\160}{section.9.2}% 46
\BOOKMARK [2][-]{subsection.9.2.6}{\376\377\162\171\153\212\121\375\145\160}{section.9.2}% 47
\BOOKMARK [2][-]{subsection.9.2.7}{\376\377\136\070\145\160}{section.9.2}% 48
\BOOKMARK [1][-]{section.9.3}{\376\377\000c\000m\000a\000t\000h\000-\000M\000a\000t\000h\000e\000m\000a\000t\000i\000c\000a\000l\000\040\000f\000u\000n\000c\000t\000i\000o\000n\000s\000\040\000f\000o\000r\000\040\000c\000o\000m\000p\000l\000e\000x\000\040\000n\000u\000m\000b\000e\000r\000s}{chapter.9}% 49
\BOOKMARK [2][-]{subsection.9.3.1}{\376\377\000C\000o\000n\000v\000e\000r\000s\000i\000o\000n\000s\000\040\000t\000o\000\040\000a\000n\000d\000\040\000f\000r\000o\000m\000\040\000p\000o\000l\000a\000r\000\040\000c\000o\000o\000r\000d\000i\000n\000a\000t\000e\000s}{section.9.3}% 50
\BOOKMARK [2][-]{subsection.9.3.2}{\376\377\000P\000o\000w\000e\000r\000\040\000a\000n\000d\000\040\000l\000o\000g\000a\000r\000i\000t\000h\000m\000i\000c\000\040\000f\000u\000n\000c\000t\000i\000o\000n\000s}{section.9.3}% 51
\BOOKMARK [2][-]{subsection.9.3.3}{\376\377\116\011\211\322\121\375\145\160}{section.9.3}% 52
\BOOKMARK [2][-]{subsection.9.3.4}{\376\377\123\314\146\362\121\375\145\160}{section.9.3}% 53
\BOOKMARK [2][-]{subsection.9.3.5}{\376\377\000C\000l\000a\000s\000s\000i\000f\000i\000c\000a\000t\000i\000o\000n\000\040\000f\000u\000n\000c\000t\000i\000o\000n\000s}{section.9.3}% 54
\BOOKMARK [2][-]{subsection.9.3.6}{\376\377\136\070\145\160}{section.9.3}% 55
\BOOKMARK [1][-]{section.9.4}{\376\377\000d\000e\000c\000i\000m\000a\000l\000-\000D\000e\000c\000i\000m\000a\000l\000\040\000f\000i\000x\000e\000d\000\040\000p\000o\000i\000n\000t\000\040\000a\000n\000d\000\040\000f\000l\000o\000a\000t\000i\000n\000g\000\040\000p\000o\000i\000n\000t\000\040\000a\000r\000i\000t\000h\000m\000e\000t\000i\000c}{chapter.9}% 56
\BOOKMARK [1][-]{section.9.5}{\376\377\000f\000r\000a\000c\000t\000i\000o\000n\000s\040\023\000R\000a\000t\000i\000o\000n\000a\000l\000\040\000n\000u\000m\000b\000e\000r\000s}{chapter.9}% 57
\BOOKMARK [1][-]{section.9.6}{\376\377\000r\000a\000n\000d\000o\000m\040\023\000G\000e\000n\000e\000r\000a\000t\000e\000\040\000p\000s\000e\000u\000d\000o\000-\000r\000a\000n\000d\000o\000m\000\040\000n\000u\000m\000b\000e\000r\000s}{chapter.9}% 58
\BOOKMARK [2][-]{subsection.9.6.1}{\376\377\000B\000o\000o\000k\000k\000e\000e\000p\000i\000n\000g\000\040\000f\000u\000n\000c\000t\000i\000o\000n\000s}{section.9.6}% 59
\BOOKMARK [2][-]{subsection.9.6.2}{\376\377\000F\000u\000n\000c\000t\000i\000o\000n\000s\000\040\000f\000o\000r\000\040\000i\000n\000t\000e\000g\000e\000r\000s}{section.9.6}% 60
\BOOKMARK [2][-]{subsection.9.6.3}{\376\377\000F\000u\000n\000c\000t\000i\000o\000n\000s\000\040\000f\000o\000r\000\040\000s\000e\000q\000u\000e\000n\000c\000e\000s}{section.9.6}% 61
\BOOKMARK [2][-]{subsection.9.6.4}{\376\377\000R\000e\000a\000l\000-\000v\000a\000l\000u\000e\000d\000\040\000d\000i\000s\000t\000r\000i\000b\000u\000t\000i\000o\000n\000s}{section.9.6}% 62
\BOOKMARK [1][-]{section.9.7}{\376\377\000s\000t\000a\000t\000i\000s\000t\000i\000c\000s\040\023\000M\000a\000t\000h\000e\000m\000a\000t\000i\000c\000a\000l\000\040\000s\000t\000a\000t\000i\000s\000t\000i\000c\000s\000\040\000f\000u\000n\000c\000t\000i\000o\000n\000s}{chapter.9}% 63
\BOOKMARK [0][-]{chapter.10}{\376\377\121\375\145\160\131\004\164\006}{}% 64
\BOOKMARK [0][-]{chapter.11}{\376\377\145\207\116\366\124\214\166\356\137\125}{}% 65
\BOOKMARK [1][-]{section.11.1}{\376\377\000p\000a\000t\000h\000l\000i\000b}{chapter.11}% 66
\BOOKMARK [1][-]{section.11.2}{\376\377\000o\000s\000.\000p\000a\000t\000h}{chapter.11}% 67
\BOOKMARK [1][-]{section.11.3}{\376\377\000f\000i\000l\000e\000i\000n\000p\000u\000t}{chapter.11}% 68
\BOOKMARK [1][-]{section.11.4}{\376\377\000s\000t\000a\000t}{chapter.11}% 69
\BOOKMARK [1][-]{section.11.5}{\376\377\000f\000i\000l\000e\000c\000m\000p}{chapter.11}% 70
\BOOKMARK [1][-]{section.11.6}{\376\377\000t\000e\000m\000p\000f\000i\000l\000e}{chapter.11}% 71
\BOOKMARK [1][-]{section.11.7}{\376\377\000g\000l\000o\000b}{chapter.11}% 72
\BOOKMARK [1][-]{section.11.8}{\376\377\000f\000n\000m\000a\000t\000c\000h}{chapter.11}% 73
\BOOKMARK [1][-]{section.11.9}{\376\377\000l\000i\000n\000e\000c\000a\000c\000h\000e}{chapter.11}% 74
\BOOKMARK [1][-]{section.11.10}{\376\377\000s\000h\000u\000t\000i\000l}{chapter.11}% 75
\BOOKMARK [2][-]{subsection.11.10.1}{\376\377\000D\000i\000r\000e\000c\000t\000o\000r\000y\000\040\000a\000n\000d\000\040\000f\000i\000l\000e\000s\000\040\000o\000p\000e\000r\000a\000t\000i\000o\000n\000s}{section.11.10}% 76
\BOOKMARK [2][-]{subsection.11.10.2}{\376\377\000A\000r\000c\000h\000i\000v\000i\000n\000g\000\040\000o\000p\000e\000r\000a\000t\000i\000o\000n\000s}{section.11.10}% 77
\BOOKMARK [2][-]{subsection.11.10.3}{\376\377\000Q\000u\000e\000r\000y\000i\000n\000g\000\040\000t\000h\000e\000\040\000s\000i\000z\000e\000\040\000o\000f\000\040\000t\000h\000e\000\040\000o\000u\000t\000p\000u\000t\000\040\000t\000e\000r\000m\000i\000n\000a\000l}{section.11.10}% 78
\BOOKMARK [1][-]{section.11.11}{\376\377\000m\000a\000c\000p\000a\000t\000h}{chapter.11}% 79
\BOOKMARK [0][-]{chapter.12}{\376\377\000D\000a\000t\000a\000\040\000P\000e\000r\000s\000i\000s\000t\000e\000n\000c\000e}{}% 80
\BOOKMARK [0][-]{chapter.13}{\376\377\000D\000a\000t\000a\000\040\000C\000o\000m\000p\000r\000e\000s\000s\000i\000o\000n\000\040\000a\000n\000d\000\040\000A\000r\000c\000h\000i\000v\000i\000n\000g}{}% 81
\BOOKMARK [0][-]{chapter.14}{\376\377\000F\000i\000l\000e\000\040\000F\000o\000r\000m\000a\000t\000s}{}% 82
\BOOKMARK [0][-]{chapter.15}{\376\377\000C\000r\000y\000p\000t\000o\000g\000r\000a\000p\000h\000i\000c\000\040\000S\000e\000r\000v\000i\000c\000e\000s}{}% 83
\BOOKMARK [0][-]{chapter.16}{\376\377\000G\000e\000n\000e\000r\000i\000c\000\040\000O\000p\000e\000r\000a\000t\000i\000n\000g\000\040\000S\000y\000s\000t\000e\000m\000\040\000S\000e\000r\000v\000i\000c\000e\000s}{}% 84
\BOOKMARK [1][-]{section.16.1}{\376\377\000o\000s\040\023\000M\000i\000s\000c\000e\000l\000l\000a\000n\000e\000o\000u\000s\000\040\000o\000p\000e\000r\000a\000t\000i\000n\000g\000\040\000s\000y\000s\000t\000e\000m\000\040\000i\000n\000t\000e\000r\000f\000a\000c\000e\000s}{chapter.16}% 85
\BOOKMARK [2][-]{subsection.16.1.1}{\376\377\000F\000i\000l\000e\000\040\000N\000a\000m\000e\000s\000,\000\040\000C\000o\000m\000m\000a\000n\000d\000\040\000L\000i\000n\000e\000\040\000A\000r\000g\000u\000m\000e\000n\000t\000s\000,\000\040\000a\000n\000d\000\040\000E\000n\000v\000i\000r\000o\000n\000m\000e\000n\000t\000\040\000V\000a\000r\000i\000a\000b\000l\000e\000s}{section.16.1}% 86
\BOOKMARK [2][-]{subsection.16.1.2}{\376\377\000P\000r\000o\000c\000e\000s\000s\000\040\000P\000a\000r\000a\000m\000e\000t\000e\000r\000s}{section.16.1}% 87
\BOOKMARK [2][-]{subsection.16.1.3}{\376\377\000F\000i\000l\000e\000\040\000O\000b\000j\000e\000c\000t\000\040\000C\000r\000e\000a\000t\000i\000o\000n}{section.16.1}% 88
\BOOKMARK [2][-]{subsection.16.1.4}{\376\377\000F\000i\000l\000e\000\040\000D\000e\000s\000c\000r\000i\000p\000t\000o\000r\000\040\000O\000p\000e\000r\000a\000t\000i\000o\000n\000s}{section.16.1}% 89
\BOOKMARK [0][-]{chapter.17}{\376\377\000C\000o\000n\000c\000u\000r\000r\000e\000n\000t\000\040\000E\000x\000e\000c\000u\000t\000i\000o\000n}{}% 90
\BOOKMARK [0][-]{chapter.18}{\376\377\000I\000n\000t\000e\000r\000p\000r\000o\000c\000e\000s\000s\000\040\000C\000o\000m\000m\000u\000n\000i\000c\000a\000t\000i\000o\000n\000\040\000a\000n\000d\000\040\000N\000e\000t\000w\000o\000r\000k\000i\000n\000g}{}% 91
\BOOKMARK [0][-]{chapter.19}{\376\377\000I\000n\000t\000e\000r\000n\000e\000t\000\040\000D\000a\000t\000a\000\040\000H\000a\000n\000d\000l\000i\000n\000g}{}% 92
\BOOKMARK [0][-]{chapter.20}{\376\377\000S\000t\000r\000u\000c\000t\000u\000r\000e\000d\000\040\000M\000a\000r\000k\000u\000p\000\040\000P\000r\000o\000c\000e\000s\000s\000i\000n\000g\000\040\000T\000o\000o\000l\000s}{}% 93
\BOOKMARK [0][-]{chapter.21}{\376\377\000I\000n\000t\000e\000r\000n\000e\000t\000\040\000P\000r\000o\000t\000o\000c\000o\000l\000s\000\040\000a\000n\000d\000\040\000S\000u\000p\000p\000o\000r\000t}{}% 94
\BOOKMARK [1][-]{section.21.1}{\376\377\000w\000e\000b\000b\000r\000o\000w\000e\000r}{chapter.21}% 95
\BOOKMARK [1][-]{section.21.2}{\376\377\000c\000g\000i}{chapter.21}% 96
\BOOKMARK [1][-]{section.21.3}{\376\377\000c\000g\000i\000t\000b}{chapter.21}% 97
\BOOKMARK [1][-]{section.21.4}{\376\377\000w\000s\000g\000i\000r\000e\000f}{chapter.21}% 98
\BOOKMARK [1][-]{section.21.5}{\376\377\000u\000r\000l\000l\000i\000b}{chapter.21}% 99
\BOOKMARK [1][-]{section.21.6}{\376\377\000u\000r\000l\000l\000i\000b\000.\000r\000e\000q\000u\000e\000s\000t}{chapter.21}% 100
\BOOKMARK [2][-]{subsection.21.6.1}{\376\377\000R\000e\000q\000u\000e\000s\000t\000\040\000O\000b\000j\000e\000c\000t\000s}{section.21.6}% 101
\BOOKMARK [2][-]{subsection.21.6.2}{\376\377\000O\000P\000e\000n\000e\000r\000D\000i\000r\000e\000c\000t\000o\000r\000\040\000O\000b\000j\000e\000c\000t\000s}{section.21.6}% 102
\BOOKMARK [2][-]{subsection.21.6.3}{\376\377\000B\000a\000s\000e\000H\000a\000n\000d\000l\000e\000r\000\040\000O\000b\000j\000e\000c\000t\000s}{section.21.6}% 103
\BOOKMARK [1][-]{section.21.7}{\376\377\000u\000r\000l\000l\000i\000b\000.\000r\000e\000s\000p\000o\000n\000s\000e}{chapter.21}% 104
\BOOKMARK [1][-]{section.21.8}{\376\377\000u\000r\000l\000l\000i\000b\000.\000p\000a\000r\000s\000e}{chapter.21}% 105
\BOOKMARK [1][-]{section.21.9}{\376\377\000u\000r\000l\000l\000i\000b\000.\000e\000r\000r\000o\000r}{chapter.21}% 106
\BOOKMARK [1][-]{section.21.10}{\376\377\000u\000r\000l\000l\000i\000b\000.\000r\000o\000b\000o\000t\000p\000a\000r\000s\000e\000r}{chapter.21}% 107
\BOOKMARK [1][-]{section.21.11}{\376\377\000h\000t\000t\000p}{chapter.21}% 108
\BOOKMARK [1][-]{section.21.12}{\376\377\000h\000t\000t\000p\000.\000c\000l\000i\000e\000n\000t}{chapter.21}% 109
\BOOKMARK [1][-]{section.21.13}{\376\377\000f\000t\000p\000l\000i\000b}{chapter.21}% 110
\BOOKMARK [1][-]{section.21.14}{\376\377\000p\000o\000p\000l\000i\000b}{chapter.21}% 111
\BOOKMARK [1][-]{section.21.15}{\376\377\000i\000m\000a\000p\000l\000i\000b}{chapter.21}% 112
\BOOKMARK [1][-]{section.21.16}{\376\377\000n\000n\000t\000p\000l\000i\000b}{chapter.21}% 113
\BOOKMARK [1][-]{section.21.17}{\376\377\000s\000m\000t\000p\000l\000i\000b}{chapter.21}% 114
\BOOKMARK [1][-]{section.21.18}{\376\377\000s\000m\000t\000p\000d}{chapter.21}% 115
\BOOKMARK [1][-]{section.21.19}{\376\377\000t\000e\000l\000n\000e\000t\000l\000i\000b}{chapter.21}% 116
\BOOKMARK [1][-]{section.21.20}{\376\377\000u\000u\000i\000d}{chapter.21}% 117
\BOOKMARK [1][-]{section.21.21}{\376\377\000s\000o\000c\000k\000e\000t\000s\000e\000r\000v\000e\000r}{chapter.21}% 118
\BOOKMARK [1][-]{section.21.22}{\376\377\000h\000t\000t\000p\000.\000s\000e\000r\000v\000e\000r}{chapter.21}% 119
\BOOKMARK [1][-]{section.21.23}{\376\377\000h\000t\000t\000p\000.\000c\000o\000o\000k\000i\000e\000s}{chapter.21}% 120
\BOOKMARK [1][-]{section.21.24}{\376\377\000h\000t\000t\000p\000.\000c\000o\000o\000k\000i\000e\000j\000a\000r}{chapter.21}% 121
\BOOKMARK [1][-]{section.21.25}{\376\377\000x\000m\000l\000r\000p\000c}{chapter.21}% 122
\BOOKMARK [1][-]{section.21.26}{\376\377\000x\000m\000l\000r\000p\000c\000.\000c\000l\000i\000e\000n\000t}{chapter.21}% 123
\BOOKMARK [1][-]{section.21.27}{\376\377\000x\000m\000l\000r\000p\000c\000.\000s\000e\000r\000v\000e\000r}{chapter.21}% 124
\BOOKMARK [1][-]{section.21.28}{\376\377\000i\000p\000a\000d\000d\000r\000e\000s\000s}{chapter.21}% 125
\BOOKMARK [0][-]{chapter.22}{\376\377\000M\000u\000l\000t\000i\000m\000e\000d\000i\000a\000\040\000S\000e\000r\000v\000i\000c\000e\000s}{}% 126
\BOOKMARK [0][-]{chapter.23}{\376\377\000I\000n\000t\000e\000r\000n\000a\000t\000i\000o\000n\000a\000l\000i\000z\000a\000t\000i\000o\000n}{}% 127
\BOOKMARK [0][-]{chapter.24}{\376\377\000P\000r\000o\000g\000r\000a\000m\000\040\000F\000r\000a\000m\000e\000w\000o\000r\000k\000s}{}% 128
\BOOKMARK [0][-]{chapter.25}{\376\377\000G\000r\000a\000p\000h\000i\000c\000a\000l\000\040\000U\000s\000e\000r\000\040\000I\000n\000t\000e\000r\000f\000a\000c\000e\000s\000\040\000w\000i\000t\000h\000\040\000T\000k}{}% 129
\BOOKMARK [0][-]{chapter.26}{\376\377\000D\000e\000v\000e\000l\000o\000p\000m\000e\000n\000t\000\040\000T\000o\000o\000l\000s}{}% 130
\BOOKMARK [0][-]{chapter.27}{\376\377\000D\000e\000b\000u\000g\000g\000i\000n\000g\000\040\000a\000n\000d\000\040\000P\000r\000o\000f\000i\000l\000i\000n\000g}{}% 131
\BOOKMARK [0][-]{chapter.28}{\376\377\000S\000o\000f\000t\000w\000a\000r\000e\000\040\000P\000a\000c\000k\000a\000g\000i\000n\000g\000\040\000a\000n\000d\000\040\000D\000i\000s\000t\000r\000i\000b\000u\000t\000i\000o\000n}{}% 132
\BOOKMARK [0][-]{chapter.29}{\376\377\000P\000y\000t\000h\000o\000n\000\040\000R\000u\000n\000t\000i\000m\000e\000\040\000S\000e\000r\000v\000i\000c\000e\000s}{}% 133
\BOOKMARK [0][-]{chapter.30}{\376\377\000C\000u\000s\000t\000o\000m\000\040\000P\000y\000t\000h\000o\000n\000\040\000I\000n\000t\000e\000r\000p\000r\000e\000t\000e\000r\000s}{}% 134
\BOOKMARK [0][-]{chapter.31}{\376\377\000I\000m\000p\000o\000r\000t\000i\000n\000g\000\040\000M\000o\000d\000u\000l\000e\000s}{}% 135
\BOOKMARK [0][-]{chapter.32}{\376\377\000P\000y\000t\000h\000o\000n\000\040\000L\000a\000n\000g\000u\000a\000g\000e\000\040\000S\000e\000r\000v\000i\000c\000e\000s}{}% 136
\BOOKMARK [0][-]{chapter.33}{\376\377\000M\000i\000s\000c\000e\000l\000l\000a\000n\000e\000o\000u\000s\000\040\000S\000e\000r\000v\000i\000c\000e\000s}{}% 137
\BOOKMARK [0][-]{chapter.34}{\376\377\000M\000S\000\040\000W\000i\000n\000d\000o\000w\000s\000\040\000S\000p\000e\000c\000i\000f\000i\000c\000\040\000S\000e\000r\000v\000i\000c\000e\000s}{}% 138
\BOOKMARK [0][-]{chapter.35}{\376\377\000U\000n\000i\000x\000\040\000S\000p\000e\000c\000i\000f\000i\000c\000\040\000S\000e\000r\000v\000i\000c\000e\000s}{}% 139
\BOOKMARK [0][-]{chapter.36}{\376\377\000S\000u\000p\000e\000r\000s\000e\000d\000e\000d\000\040\000M\000o\000d\000u\000l\000e\000s}{}% 140
